2023-11-15 18:54:59,995 INFO    MainThread:17460 [wandb_setup.py:_flush():76] Current SDK version is 0.16.0
2023-11-15 18:54:59,995 INFO    MainThread:17460 [wandb_setup.py:_flush():76] Configure stats pid to 17460
2023-11-15 18:54:59,995 INFO    MainThread:17460 [wandb_setup.py:_flush():76] Loading settings from C:\Users\30846\.config\wandb\settings
2023-11-15 18:54:59,996 INFO    MainThread:17460 [wandb_setup.py:_flush():76] Loading settings from C:\Users\30846\Desktop\python\D6900\wandb\settings
2023-11-15 18:54:59,996 INFO    MainThread:17460 [wandb_setup.py:_flush():76] Loading settings from environment variables: {}
2023-11-15 18:54:59,996 INFO    MainThread:17460 [wandb_setup.py:_flush():76] Applying setup settings: {'_disable_service': False}
2023-11-15 18:54:59,996 INFO    MainThread:17460 [wandb_setup.py:_flush():76] Inferring run settings from compute environment: {'program_relpath': 'train.py', 'program_abspath': 'C:\\Users\\30846\\Desktop\\python\\D6900\\train.py', 'program': 'C:\\Users\\30846\\Desktop\\python\\D6900\\train.py'}
2023-11-15 18:54:59,996 INFO    MainThread:17460 [wandb_init.py:_log_setup():524] Logging user logs to C:\Users\30846\Desktop\python\D6900\wandb\run-20231115_185459-6mv6wjgx\logs\debug.log
2023-11-15 18:54:59,996 INFO    MainThread:17460 [wandb_init.py:_log_setup():525] Logging internal logs to C:\Users\30846\Desktop\python\D6900\wandb\run-20231115_185459-6mv6wjgx\logs\debug-internal.log
2023-11-15 18:54:59,997 INFO    MainThread:17460 [wandb_init.py:init():564] calling init triggers
2023-11-15 18:54:59,997 INFO    MainThread:17460 [wandb_init.py:init():572] wandb.init called with sweep_config: {}
config: {}
2023-11-15 18:54:59,997 INFO    MainThread:17460 [wandb_init.py:init():614] starting backend
2023-11-15 18:54:59,997 INFO    MainThread:17460 [wandb_init.py:init():618] setting up manager
2023-11-15 18:55:00,000 INFO    MainThread:17460 [backend.py:_multiprocessing_setup():107] multiprocessing start_methods=spawn, using: spawn
2023-11-15 18:55:00,002 INFO    MainThread:17460 [wandb_init.py:init():624] backend started and connected
2023-11-15 18:55:00,007 INFO    MainThread:17460 [wandb_init.py:init():716] updated telemetry
2023-11-15 18:55:00,192 INFO    MainThread:17460 [wandb_init.py:init():749] communicating run to backend with 90.0 second timeout
2023-11-15 18:55:04,668 INFO    Thread-13 :17460 [retry.py:__call__():172] Retry attempt failed:
Traceback (most recent call last):
  File "C:\Program Files\Python37\lib\site-packages\urllib3\connection.py", line 175, in _new_conn
    (self._dns_host, self.port), self.timeout, **extra_kw
  File "C:\Program Files\Python37\lib\site-packages\urllib3\util\connection.py", line 95, in create_connection
    raise err
  File "C:\Program Files\Python37\lib\site-packages\urllib3\util\connection.py", line 85, in create_connection
    sock.connect(sa)
ConnectionRefusedError: [WinError 10061] 由于目标计算机积极拒绝，无法连接。

During handling of the above exception, another exception occurred:

Traceback (most recent call last):
  File "C:\Program Files\Python37\lib\site-packages\urllib3\connectionpool.py", line 700, in urlopen
    self._prepare_proxy(conn)
  File "C:\Program Files\Python37\lib\site-packages\urllib3\connectionpool.py", line 996, in _prepare_proxy
    conn.connect()
  File "C:\Program Files\Python37\lib\site-packages\urllib3\connection.py", line 358, in connect
    self.sock = conn = self._new_conn()
  File "C:\Program Files\Python37\lib\site-packages\urllib3\connection.py", line 187, in _new_conn
    self, "Failed to establish a new connection: %s" % e
urllib3.exceptions.NewConnectionError: <urllib3.connection.HTTPSConnection object at 0x0000021349C69708>: Failed to establish a new connection: [WinError 10061] 由于目标计算机积极拒绝，无法连接。

During handling of the above exception, another exception occurred:

Traceback (most recent call last):
  File "C:\Program Files\Python37\lib\site-packages\requests\adapters.py", line 449, in send
    timeout=timeout
  File "C:\Program Files\Python37\lib\site-packages\urllib3\connectionpool.py", line 788, in urlopen
    method, url, error=e, _pool=self, _stacktrace=sys.exc_info()[2]
  File "C:\Program Files\Python37\lib\site-packages\urllib3\util\retry.py", line 592, in increment
    raise MaxRetryError(_pool, url, error or ResponseError(cause))
urllib3.exceptions.MaxRetryError: HTTPSConnectionPool(host='api.wandb.ai', port=443): Max retries exceeded with url: /graphql (Caused by ProxyError('Cannot connect to proxy.', NewConnectionError('<urllib3.connection.HTTPSConnection object at 0x0000021349C69708>: Failed to establish a new connection: [WinError 10061] 由于目标计算机积极拒绝，无法连接。')))

During handling of the above exception, another exception occurred:

Traceback (most recent call last):
  File "C:\Program Files\Python37\lib\site-packages\wandb\sdk\lib\retry.py", line 131, in __call__
    result = self._call_fn(*args, **kwargs)
  File "C:\Program Files\Python37\lib\site-packages\wandb\sdk\internal\internal_api.py", line 366, in execute
    return self.client.execute(*args, **kwargs)  # type: ignore
  File "C:\Program Files\Python37\lib\site-packages\wandb\vendor\gql-0.2.0\wandb_gql\client.py", line 52, in execute
    result = self._get_result(document, *args, **kwargs)
  File "C:\Program Files\Python37\lib\site-packages\wandb\vendor\gql-0.2.0\wandb_gql\client.py", line 60, in _get_result
    return self.transport.execute(document, *args, **kwargs)
  File "C:\Program Files\Python37\lib\site-packages\wandb\sdk\lib\gql_request.py", line 58, in execute
    request = self.session.post(self.url, **post_args)
  File "C:\Program Files\Python37\lib\site-packages\requests\sessions.py", line 590, in post
    return self.request('POST', url, data=data, json=json, **kwargs)
  File "C:\Program Files\Python37\lib\site-packages\requests\sessions.py", line 542, in request
    resp = self.send(prep, **send_kwargs)
  File "C:\Program Files\Python37\lib\site-packages\requests\sessions.py", line 655, in send
    r = adapter.send(request, **kwargs)
  File "C:\Program Files\Python37\lib\site-packages\requests\adapters.py", line 510, in send
    raise ProxyError(e, request=request)
requests.exceptions.ProxyError: HTTPSConnectionPool(host='api.wandb.ai', port=443): Max retries exceeded with url: /graphql (Caused by ProxyError('Cannot connect to proxy.', NewConnectionError('<urllib3.connection.HTTPSConnection object at 0x0000021349C69708>: Failed to establish a new connection: [WinError 10061] 由于目标计算机积极拒绝，无法连接。')))
